<?xml version="1.0" encoding="UTF-8"?>
<testng-results skipped="0" failed="0" ignored="0" total="1" passed="1">
  <reporter-output>
  </reporter-output>
  <suite name="Suite" duration-ms="11130" started-at="2021-06-20T00:15:43 IST" finished-at="2021-06-20T00:15:54 IST">
    <groups>
    </groups>
    <test name="Test" duration-ms="11130" started-at="2021-06-20T00:15:43 IST" finished-at="2021-06-20T00:15:54 IST">
      <class name="com.cucumber.tests.LoginTest">
        <test-method status="PASS" signature="setUP()[pri:0, instance:com.cucumber.tests.LoginTest@79d9214d]" name="setUP" is-config="true" duration-ms="1660" started-at="2021-06-20T00:15:43 IST" finished-at="2021-06-20T00:15:44 IST">
          <reporter-output>
          </reporter-output>
        </test-method> <!-- setUP -->
        <test-method status="PASS" signature="login(cucumber.api.testng.CucumberFeatureWrapper)[pri:0, instance:com.cucumber.tests.LoginTest@79d9214d]" name="login" duration-ms="8721" started-at="2021-06-20T00:15:44 IST" description="login" data-provider="features" finished-at="2021-06-20T00:15:53 IST">
          <params>
            <param index="0">
              <value>
                <![CDATA[User Access Management.]]>
              </value>
            </param>
          </params>
          <reporter-output>
          </reporter-output>
        </test-method> <!-- login -->
        <test-method status="PASS" signature="tearDown()[pri:0, instance:com.cucumber.tests.LoginTest@79d9214d]" name="tearDown" is-config="true" duration-ms="662" started-at="2021-06-20T00:15:53 IST" finished-at="2021-06-20T00:15:54 IST">
          <reporter-output>
          </reporter-output>
        </test-method> <!-- tearDown -->
        <test-method status="PASS" signature="tearDown()[pri:0, instance:com.cucumber.tests.LoginTest@79d9214d]" name="tearDown" is-config="true" duration-ms="8" started-at="2021-06-20T00:15:54 IST" finished-at="2021-06-20T00:15:54 IST">
          <reporter-output>
          </reporter-output>
        </test-method> <!-- tearDown -->
      </class> <!-- com.cucumber.tests.LoginTest -->
    </test> <!-- Test -->
  </suite> <!-- Suite -->
</testng-results>
